<?xml version="1.0" encoding="UTF-8"?>
<!-- Generated by org.testng.reporters.JUnitReportReporter -->
<testsuite hostname="DESKTOP-1I5MD8D" failures="0" tests="3" name="sptify.auth.PlaylistCreationTest" time="7.812" errors="0" timestamp="2023-06-10T01:16:21 CEST" skipped="0">
  <testcase classname="sptify.auth.PlaylistCreationTest" name="shouldFailedCreatePlaylist" time="2.401"/>
  <system-out/>
  <testcase classname="sptify.auth.PlaylistCreationTest" name="shouldCreatePlaylist" time="2.849"/>
  <system-out/>
  <testcase classname="sptify.auth.PlaylistCreationTest" name="GetPLayListID" time="2.562"/>
  <system-out/>
</testsuite> <!-- sptify.auth.PlaylistCreationTest -->
